[0.037s] Invoking command in '/home/khw/simulation_ws/build/turtlebot3_msgs': CMAKE_PREFIX_PATH=${CMAKE_PREFIX_PATH}:/opt/ros/humble:/home/khw/simulation_ws/install/turtlebot3_teleop:/home/khw/simulation_ws/install/turtlebot3_example:/home/khw/simulation_ws/install/odom_tools /usr/bin/cmake --build /home/khw/simulation_ws/build/turtlebot3_msgs -- -j12 -l12
[0.301s] Traceback (most recent call last):
[0.302s]   File "/home/khw/simulation_ws/build/turtlebot3_msgs/ament_cmake_python/turtlebot3_msgs/setup.py", line 1, in <module>
[0.302s]     from setuptools import find_packages
[0.302s]   File "/home/khw/.local/lib/python3.10/site-packages/setuptools/__init__.py", line 16, in <module>
[0.302s] gmake[1]: *** [CMakeFiles/Makefile2:475: CMakeFiles/turtlebot3_msgs__rosidl_generator_py.dir/all] Interrupt
[0.302s] [  1%] Built target turtlebot3_msgs__cpp
[0.302s] [ 12%] Built target turtlebot3_msgs__rosidl_generator_c
[0.302s] [ 12%] Built target ament_cmake_python_symlink_turtlebot3_msgs
[0.303s] [ 24%] Built target turtlebot3_msgs__rosidl_typesupport_cpp
[0.303s] [ 35%] Built target turtlebot3_msgs__rosidl_typesupport_introspection_cpp
[0.303s] [ 58%] Built target turtlebot3_msgs__rosidl_typesupport_fastrtps_cpp
[0.303s] [ 58%] Built target turtlebot3_msgs__rosidl_typesupport_introspection_c
[0.303s] [ 69%] Built target turtlebot3_msgs__rosidl_typesupport_c
[0.303s] [ 81%] Built target turtlebot3_msgs__rosidl_typesupport_fastrtps_c
[0.303s] [ 81%] Built target turtlebot3_msgs
[0.303s] [ 82%] Built target turtlebot3_msgs__py
[0.306s]     import setuptools.version
[0.306s]   File "/home/khw/.local/lib/python3.10/site-packages/setuptools/version.py", line 1, in <module>
[0.306s]     import pkg_resources
[0.306s]   File "/home/khw/.local/lib/python3.10/site-packages/pkg_resources/__init__.py", line 83, in <module>
[0.307s]     __import__('pkg_resources.extern.packaging.specifiers')
[0.307s]   File "/home/khw/.local/lib/python3.10/site-packages/pkg_resources/_vendor/packaging/specifiers.py", line 299, in <module>
[0.308s]     class Specifier(_IndividualSpecifier):
[0.308s]   File "/home/khw/.local/lib/python3.10/site-packages/pkg_resources/_vendor/packaging/specifiers.py", line 394, in Specifier
[0.308s]     _regex = re.compile(r"^\s*" + _regex_str + r"\s*$", re.VERBOSE | re.IGNORECASE)
[0.308s]   File "/usr/lib/python3.10/re.py", line 251, in compile
[0.308s]     return _compile(pattern, flags)
[0.309s]   File "/usr/lib/python3.10/re.py", line 303, in _compile
[0.309s]     p = sre_compile.compile(pattern, flags)
[0.309s]   File "/usr/lib/python3.10/sre_compile.py", line 788, in compile
[0.310s]     p = sre_parse.parse(p, flags)
[0.310s]   File "/usr/lib/python3.10/sre_parse.py", line 955, in parse
[0.310s]     p = _parse_sub(source, state, flags & SRE_FLAG_VERBOSE, 0)
[0.310s]   File "/usr/lib/python3.10/sre_parse.py", line 444, in _parse_sub
[0.310s]     itemsappend(_parse(source, state, verbose, nested + 1,
[0.311s]   File "/usr/lib/python3.10/sre_parse.py", line 841, in _parse
[0.311s]     p = _parse_sub(source, state, sub_verbose, nested + 1)
[0.311s]   File "/usr/lib/python3.10/sre_parse.py", line 444, in _parse_sub
[0.311s]     itemsappend(_parse(source, state, verbose, nested + 1,
[0.311s]   File "/usr/lib/python3.10/sre_parse.py", line 841, in _parse
[0.311s]     p = _parse_sub(source, state, sub_verbose, nested + 1)
[0.311s]   File "/usr/lib/python3.10/sre_parse.py", line 444, in _parse_sub
[0.311s]     itemsappend(_parse(source, state, verbose, nested + 1,
[0.312s]   File "/usr/lib/python3.10/sre_parse.py", line 512, in _parse
[0.312s]     sourceget()
[0.312s]   File "/usr/lib/python3.10/sre_parse.py", line 257, in get
[0.312s]     self.__next()
[0.312s]   File "/usr/lib/python3.10/sre_parse.py", line 241, in __next
[0.312s]     if char == "\\":
[0.312s] KeyboardInterrupt
[0.329s] gmake[2]: *** [CMakeFiles/ament_cmake_python_build_turtlebot3_msgs_egg.dir/build.make:70: CMakeFiles/ament_cmake_python_build_turtlebot3_msgs_egg] Interrupt
[0.329s] gmake[1]: *** [CMakeFiles/Makefile2:447: CMakeFiles/ament_cmake_python_build_turtlebot3_msgs_egg.dir/all] Interrupt
[0.329s] gmake: *** [Makefile:146: all] Interrupt
