[0.043s] Invoking command in '/home/khw/simulation_ws/src/build/turtlebot3_msgs': CMAKE_PREFIX_PATH=${CMAKE_PREFIX_PATH}:/opt/ros/humble:/home/khw/simulation_ws/install/turtlebot3_teleop:/home/khw/simulation_ws/install/turtlebot3_example:/home/khw/simulation_ws/install/odom_tools /usr/bin/cmake --build /home/khw/simulation_ws/src/build/turtlebot3_msgs -- -j12 -l12
[0.426s] [  4%] Built target turtlebot3_msgs__cpp
[0.426s] [ 12%] Built target turtlebot3_msgs__rosidl_generator_c
[0.426s] [ 12%] Built target ament_cmake_python_copy_turtlebot3_msgs
[0.427s] [ 23%] Built target turtlebot3_msgs__rosidl_typesupport_introspection_c
[0.427s] [ 35%] Built target turtlebot3_msgs__rosidl_typesupport_c
[0.427s] [ 46%] Built target turtlebot3_msgs__rosidl_typesupport_fastrtps_c
[0.428s] [ 57%] Built target turtlebot3_msgs__rosidl_typesupport_introspection_cpp
[0.428s] [ 69%] Built target turtlebot3_msgs__rosidl_typesupport_cpp
[0.428s] [ 80%] Built target turtlebot3_msgs__rosidl_typesupport_fastrtps_cpp
[0.428s] [ 80%] Built target turtlebot3_msgs
[0.428s] [ 81%] Built target turtlebot3_msgs__py
[0.428s] [ 91%] Built target turtlebot3_msgs__rosidl_generator_py
[0.428s] [ 94%] Built target turtlebot3_msgs__rosidl_typesupport_fastrtps_c__pyext
[0.428s] [ 98%] Built target turtlebot3_msgs__rosidl_typesupport_introspection_c__pyext
[0.428s] [100%] Built target turtlebot3_msgs__rosidl_typesupport_c__pyext
[0.544s] running egg_info
[0.569s] writing turtlebot3_msgs.egg-info/PKG-INFO
[0.569s] writing dependency_links to turtlebot3_msgs.egg-info/dependency_links.txt
[0.570s] writing top-level names to turtlebot3_msgs.egg-info/top_level.txt
[0.643s] reading manifest file 'turtlebot3_msgs.egg-info/SOURCES.txt'
[0.664s] Traceback (most recent call last):
[0.664s]   File "/home/khw/simulation_ws/src/build/turtlebot3_msgs/ament_cmake_python/turtlebot3_msgs/setup.py", line 4, in <module>
[0.664s]     setup(
[0.664s]   File "/home/khw/.local/lib/python3.10/site-packages/setuptools/__init__.py", line 117, in setup
[0.665s]     return distutils.core.setup(**attrs)
[0.665s]   File "/home/khw/.local/lib/python3.10/site-packages/setuptools/_distutils/core.py", line 186, in setup
[0.665s]     return run_commands(dist)
[0.665s]   File "/home/khw/.local/lib/python3.10/site-packages/setuptools/_distutils/core.py", line 202, in run_commands
[0.665s]     dist.run_commands()
[0.665s]   File "/home/khw/.local/lib/python3.10/site-packages/setuptools/_distutils/dist.py", line 1002, in run_commands
[0.665s]     self.run_command(cmd)
[0.665s]   File "/home/khw/.local/lib/python3.10/site-packages/setuptools/dist.py", line 1104, in run_command
[0.665s]     super().run_command(command)
[0.665s]   File "/home/khw/.local/lib/python3.10/site-packages/setuptools/_distutils/dist.py", line 1021, in run_command
[0.665s]     cmd_obj.run()
[0.665s]   File "/home/khw/.local/lib/python3.10/site-packages/setuptools/command/egg_info.py", line 312, in run
[0.666s]     self.find_sources()
[0.666s]   File "/home/khw/.local/lib/python3.10/site-packages/setuptools/command/egg_info.py", line 320, in find_sources
[0.666s]     mm.run()
[0.666s]   File "/home/khw/.local/lib/python3.10/site-packages/setuptools/command/egg_info.py", line 548, in run
[0.666s]     self.prune_file_list()
[0.666s]   File "/home/khw/.local/lib/python3.10/site-packages/setuptools/command/sdist.py", line 162, in prune_file_list
[0.666s]     super().prune_file_list()
[0.666s]   File "/home/khw/.local/lib/python3.10/site-packages/setuptools/_distutils/command/sdist.py", line 386, in prune_file_list
[0.666s]     base_dir = self.distribution.get_fullname()
[0.666s]   File "/home/khw/.local/lib/python3.10/site-packages/setuptools/_core_metadata.py", line 275, in get_fullname
[0.666s]     return _distribution_fullname(self.get_name(), self.get_version())
[0.666s]   File "/home/khw/.local/lib/python3.10/site-packages/setuptools/_core_metadata.py", line 293, in _distribution_fullname
[0.666s]     canonicalize_version(version, strip_trailing_zero=False),
[0.667s] TypeError: canonicalize_version() got an unexpected keyword argument 'strip_trailing_zero'
[0.707s] gmake[2]: *** [CMakeFiles/ament_cmake_python_build_turtlebot3_msgs_egg.dir/build.make:70: CMakeFiles/ament_cmake_python_build_turtlebot3_msgs_egg] Error 1
[0.707s] gmake[1]: *** [CMakeFiles/Makefile2:447: CMakeFiles/ament_cmake_python_build_turtlebot3_msgs_egg.dir/all] Error 2
[0.707s] gmake: *** [Makefile:146: all] Error 2
[0.807s] Invoked command in '/home/khw/simulation_ws/src/build/turtlebot3_msgs' returned '2': CMAKE_PREFIX_PATH=${CMAKE_PREFIX_PATH}:/opt/ros/humble:/home/khw/simulation_ws/install/turtlebot3_teleop:/home/khw/simulation_ws/install/turtlebot3_example:/home/khw/simulation_ws/install/odom_tools /usr/bin/cmake --build /home/khw/simulation_ws/src/build/turtlebot3_msgs -- -j12 -l12
