[0.049s] Invoking command in '/home/khw/simulation_ws/src/build/turtlebot3_gazebo': CMAKE_PREFIX_PATH=${CMAKE_PREFIX_PATH}:/opt/ros/humble:/home/khw/simulation_ws/install/turtlebot3_teleop:/home/khw/simulation_ws/install/turtlebot3_example:/home/khw/simulation_ws/install/odom_tools /usr/bin/cmake /home/khw/simulation_ws/src/turtlebot3_simulations/turtlebot3_gazebo -DCMAKE_INSTALL_PREFIX=/home/khw/simulation_ws/src/install/turtlebot3_gazebo
[0.882s] -- The C compiler identification is GNU 11.4.0
[0.882s] -- The CXX compiler identification is GNU 11.4.0
[0.882s] -- Detecting C compiler ABI info
[0.882s] -- Detecting C compiler ABI info - done
[0.882s] -- Check for working C compiler: /usr/bin/cc - skipped
[0.882s] -- Detecting C compile features
[0.882s] -- Detecting C compile features - done
[0.882s] -- Detecting CXX compiler ABI info
[0.883s] -- Detecting CXX compiler ABI info - done
[0.883s] -- Check for working CXX compiler: /usr/bin/c++ - skipped
[0.883s] -- Detecting CXX compile features
[0.883s] -- Detecting CXX compile features - done
[0.883s] -- Found ament_cmake: 1.3.11 (/opt/ros/humble/share/ament_cmake/cmake)
[0.884s] -- Found Python3: /usr/bin/python3 (found version "3.10.12") found components: Interpreter 
[0.893s] [33mCMake Warning (dev) at /usr/share/cmake-3.22/Modules/FindPackageHandleStandardArgs.cmake:438 (message):
[0.893s]   The package name passed to `find_package_handle_standard_args` (PkgConfig)
[0.893s]   does not match the name of the calling package (gazebo).  This can lead to
[0.893s]   problems in calling code that expects `find_package` result variables
[0.893s]   (e.g., `_FOUND`) to follow a certain pattern.
[0.893s] Call Stack (most recent call first):
[0.893s]   /usr/share/cmake-3.22/Modules/FindPkgConfig.cmake:99 (find_package_handle_standard_args)
[0.893s]   /usr/lib/x86_64-linux-gnu/cmake/gazebo/gazebo-config.cmake:72 (include)
[0.894s]   CMakeLists.txt:23 (find_package)
[0.894s] This warning is for project developers.  Use -Wno-dev to suppress it.
[0.894s] [0m
[0.896s] -- Found PkgConfig: /usr/bin/pkg-config (found version "0.29.2") 
[0.900s] -- Checking for module 'bullet>=2.82'
[0.919s] --   Found bullet, version 3.05
[1.088s] -- Found fcl: /usr/include (found suitable version "0.7.0", minimum required is "0.5.0") 
[1.153s] -- Found assimp: /usr/include (found version "5.2.0") 
[1.207s] -- Found DART: /usr/include (Required is at least version "6.6") found components: dart 
[1.761s] -- Found Boost: /usr/lib/x86_64-linux-gnu/cmake/Boost-1.74.0/BoostConfig.cmake (found suitable version "1.74.0", minimum required is "1.40.0") found components: thread system filesystem program_options regex iostreams date_time 
[1.842s] -- Found Protobuf: /usr/lib/x86_64-linux-gnu/libprotobuf.so (found version "3.12.4") 
[1.861s] -- Looking for ignition-math6 -- found version 6.15.1
[1.885s] -- Searching for dependencies of ignition-math6
[1.889s] -- Looking for OGRE...
[1.890s] -- OGRE_PREFIX_WATCH changed.
[1.900s] -- Checking for module 'OGRE'
[1.915s] --   Found OGRE, version 1.9.0
[1.966s] -- Found Ogre Ghadamon (1.9.0)
[1.989s] -- Found OGRE: optimized;/usr/lib/x86_64-linux-gnu/libOgreMain.so;debug;/usr/lib/x86_64-linux-gnu/libOgreMain.so
[2.004s] -- Looking for OGRE_Paging...
[2.016s] -- Found OGRE_Paging: optimized;/usr/lib/x86_64-linux-gnu/libOgrePaging.so;debug;/usr/lib/x86_64-linux-gnu/libOgrePaging.so
[2.016s] -- Looking for OGRE_Terrain...
[2.028s] -- Found OGRE_Terrain: optimized;/usr/lib/x86_64-linux-gnu/libOgreTerrain.so;debug;/usr/lib/x86_64-linux-gnu/libOgreTerrain.so
[2.028s] -- Looking for OGRE_Property...
[2.039s] -- Found OGRE_Property: optimized;/usr/lib/x86_64-linux-gnu/libOgreProperty.so;debug;/usr/lib/x86_64-linux-gnu/libOgreProperty.so
[2.039s] -- Looking for OGRE_RTShaderSystem...
[2.050s] -- Found OGRE_RTShaderSystem: optimized;/usr/lib/x86_64-linux-gnu/libOgreRTShaderSystem.so;debug;/usr/lib/x86_64-linux-gnu/libOgreRTShaderSystem.so
[2.050s] -- Looking for OGRE_Volume...
[2.060s] -- Found OGRE_Volume: optimized;/usr/lib/x86_64-linux-gnu/libOgreVolume.so;debug;/usr/lib/x86_64-linux-gnu/libOgreVolume.so
[2.061s] -- Looking for OGRE_Overlay...
[2.070s] -- Found OGRE_Overlay: optimized;/usr/lib/x86_64-linux-gnu/libOgreOverlay.so;debug;/usr/lib/x86_64-linux-gnu/libOgreOverlay.so
[2.280s] -- Looking for ignition-math6 -- found version 6.15.1
[2.283s] -- Looking for ignition-transport8 -- found version 8.2.1
[2.283s] -- Searching for dependencies of ignition-transport8
[2.307s] -- Found Protobuf: /usr/lib/x86_64-linux-gnu/libprotobuf.so (found suitable version "3.12.4", minimum required is "3") 
[2.317s] -- Config-file not installed for ZeroMQ -- checking for pkg-config
[2.323s] -- Checking for module 'libzmq >= 4'
[2.342s] --   Found libzmq , version 4.3.4
[2.399s] -- Found ZeroMQ: TRUE (Required is at least version "4") 
[2.408s] -- Checking for module 'uuid'
[2.426s] --   Found uuid, version 2.37.2
[2.460s] -- Found UUID: TRUE  
[2.465s] -- Looking for ignition-msgs5 -- found version 5.8.1
[2.465s] -- Searching for dependencies of ignition-msgs5
[2.487s] -- Looking for ignition-math6 -- found version 6.15.1
[2.494s] -- Checking for module 'tinyxml2'
[2.507s] --   Found tinyxml2, version 9.0.0
[2.542s] -- Looking for ignition-msgs5 -- found version 5.8.1
[2.545s] -- Looking for ignition-common3 -- found version 3.14.0
[2.545s] -- Searching for dependencies of ignition-common3
[2.545s] -- Looking for dlfcn.h - found
[2.546s] -- Looking for libdl - found
[2.547s] -- Found DL: TRUE  
[2.562s] -- Found tinyobjloader: /usr/lib/x86_64-linux-gnu/cmake/tinyobjloader/tinyobjloader-config.cmake (found version "2.0.0") 
[2.563s] -- Searching for <ignition-common3> component [graphics]
[2.567s] -- Looking for ignition-common3-graphics -- found version 3.14.0
[2.568s] -- Searching for dependencies of ignition-common3-graphics
[2.568s] -- Looking for ignition-math6 -- found version 6.15.1
[2.574s] -- Looking for ignition-fuel_tools4 -- found version 4.4.0
[2.574s] -- Searching for dependencies of ignition-fuel_tools4
[2.657s] -- Found CURL: /usr/lib/x86_64-linux-gnu/libcurl.so (found version "7.81.0")  
[2.669s] -- Checking for module 'jsoncpp'
[2.683s] --   Found jsoncpp, version 1.9.5
[2.719s] -- Found JSONCPP: TRUE  
[2.729s] -- Checking for module 'libzip'
[2.745s] --   Found libzip, version 1.7.3
[2.789s] -- Found ZIP: TRUE  
[2.790s] -- Looking for ignition-common3 -- found version 3.14.0
[2.790s] -- Looking for ignition-math6 -- found version 6.15.1
[2.790s] -- Looking for ignition-msgs5 -- found version 5.8.1
[2.803s] -- Found gazebo_ros_pkgs: 3.9.0 (/opt/ros/humble/share/gazebo_ros_pkgs/cmake)
[2.806s] -- Found geometry_msgs: 4.8.0 (/opt/ros/humble/share/geometry_msgs/cmake)
[2.855s] -- Found rosidl_generator_c: 3.1.6 (/opt/ros/humble/share/rosidl_generator_c/cmake)
[2.862s] -- Found rosidl_adapter: 3.1.6 (/opt/ros/humble/share/rosidl_adapter/cmake)
[2.873s] -- Found rosidl_generator_cpp: 3.1.6 (/opt/ros/humble/share/rosidl_generator_cpp/cmake)
[2.896s] -- Using all available rosidl_typesupport_c: rosidl_typesupport_fastrtps_c;rosidl_typesupport_introspection_c
[2.924s] -- Using all available rosidl_typesupport_cpp: rosidl_typesupport_fastrtps_cpp;rosidl_typesupport_introspection_cpp
[2.987s] -- Found nav_msgs: 4.8.0 (/opt/ros/humble/share/nav_msgs/cmake)
[3.020s] -- Found rclcpp: 16.0.12 (/opt/ros/humble/share/rclcpp/cmake)
[3.101s] -- Found rmw_implementation_cmake: 6.1.2 (/opt/ros/humble/share/rmw_implementation_cmake/cmake)
[3.108s] -- Found rmw_fastrtps_cpp: 6.2.7 (/opt/ros/humble/share/rmw_fastrtps_cpp/cmake)
[3.276s] -- Found OpenSSL: /usr/lib/x86_64-linux-gnu/libcrypto.so (found version "3.0.2")  
[3.317s] -- Found FastRTPS: /opt/ros/humble/include  
[3.381s] -- Using RMW implementation 'rmw_fastrtps_cpp' as default
[3.404s] -- Found Threads: TRUE  
[3.519s] -- Found sensor_msgs: 4.8.0 (/opt/ros/humble/share/sensor_msgs/cmake)
[3.579s] -- Found tf2: 0.25.12 (/opt/ros/humble/share/tf2/cmake)
[3.742s] -- Configuring done
[3.877s] -- Generating done
[3.901s] -- Build files have been written to: /home/khw/simulation_ws/src/build/turtlebot3_gazebo
[3.937s] Invoked command in '/home/khw/simulation_ws/src/build/turtlebot3_gazebo' returned '0': CMAKE_PREFIX_PATH=${CMAKE_PREFIX_PATH}:/opt/ros/humble:/home/khw/simulation_ws/install/turtlebot3_teleop:/home/khw/simulation_ws/install/turtlebot3_example:/home/khw/simulation_ws/install/odom_tools /usr/bin/cmake /home/khw/simulation_ws/src/turtlebot3_simulations/turtlebot3_gazebo -DCMAKE_INSTALL_PREFIX=/home/khw/simulation_ws/src/install/turtlebot3_gazebo
[3.938s] Invoking command in '/home/khw/simulation_ws/src/build/turtlebot3_gazebo': CMAKE_PREFIX_PATH=${CMAKE_PREFIX_PATH}:/opt/ros/humble:/home/khw/simulation_ws/install/turtlebot3_teleop:/home/khw/simulation_ws/install/turtlebot3_example:/home/khw/simulation_ws/install/odom_tools /usr/bin/cmake --build /home/khw/simulation_ws/src/build/turtlebot3_gazebo -- -j12 -l12
[4.116s] [  8%] [32mBuilding CXX object CMakeFiles/traffic_light_plugin.dir/src/traffic_light_plugin.cpp.o[0m
[4.116s] [ 16%] [32mBuilding CXX object CMakeFiles/traffic_bar_plugin.dir/src/traffic_bar_plugin.cpp.o[0m
[4.119s] [ 25%] [32mBuilding CXX object CMakeFiles/turtlebot3_drive.dir/src/turtlebot3_drive.cpp.o[0m
[4.121s] [ 41%] [32mBuilding CXX object CMakeFiles/obstacles.dir/src/obstacles.cpp.o[0m
[4.121s] [ 41%] [32mBuilding CXX object CMakeFiles/obstacle2.dir/src/obstacle2.cpp.o[0m
[4.123s] [ 50%] [32mBuilding CXX object CMakeFiles/obstacle1.dir/src/obstacle1.cpp.o[0m
[7.259s] gmake[2]: *** [CMakeFiles/obstacle2.dir/build.make:76: CMakeFiles/obstacle2.dir/src/obstacle2.cpp.o] Interrupt
[7.259s] gmake[2]: *** [CMakeFiles/obstacle1.dir/build.make:76: CMakeFiles/obstacle1.dir/src/obstacle1.cpp.o] Interrupt
[7.260s] gmake[2]: *** [CMakeFiles/obstacles.dir/build.make:76: CMakeFiles/obstacles.dir/src/obstacles.cpp.o] Interrupt
[7.261s] gmake[1]: *** [CMakeFiles/Makefile2:225: CMakeFiles/obstacle1.dir/all] Interrupt
[7.261s] gmake[1]: *** [CMakeFiles/Makefile2:251: CMakeFiles/obstacle2.dir/all] Interrupt
[7.261s] gmake[2]: *** wait: No child processes.  Stop.
[7.261s] gmake[2]: *** Waiting for unfinished jobs....
[7.261s] gmake[2]: *** wait: No child processes.  Stop.
[7.262s] gmake[1]: *** [CMakeFiles/Makefile2:277: CMakeFiles/obstacles.dir/all] Interrupt
[7.262s] gmake[1]: *** [CMakeFiles/Makefile2:147: CMakeFiles/turtlebot3_drive.dir/all] Error 2
[7.268s] gmake[2]: *** [CMakeFiles/traffic_bar_plugin.dir/build.make:76: CMakeFiles/traffic_bar_plugin.dir/src/traffic_bar_plugin.cpp.o] Interrupt
[7.268s] gmake[1]: *** [CMakeFiles/Makefile2:199: CMakeFiles/traffic_bar_plugin.dir/all] Interrupt
[7.268s] gmake[2]: *** [CMakeFiles/traffic_light_plugin.dir/build.make:76: CMakeFiles/traffic_light_plugin.dir/src/traffic_light_plugin.cpp.o] Interrupt
[7.268s] gmake[1]: *** [CMakeFiles/Makefile2:173: CMakeFiles/traffic_light_plugin.dir/all] Interrupt
[7.269s] gmake: *** [Makefile:146: all] Interrupt
