[0.059s] Invoking command in '/home/khw/simulation_ws/src/build/turtlebot3_msgs': CMAKE_PREFIX_PATH=${CMAKE_PREFIX_PATH}:/opt/ros/humble:/home/khw/simulation_ws/install/turtlebot3_teleop:/home/khw/simulation_ws/install/turtlebot3_example:/home/khw/simulation_ws/install/odom_tools /usr/bin/cmake --build /home/khw/simulation_ws/src/build/turtlebot3_msgs -- -j12 -l12
[0.727s] [  1%] Built target turtlebot3_msgs__cpp
[0.727s] [ 12%] Built target turtlebot3_msgs__rosidl_generator_c
[0.727s] [ 12%] Built target ament_cmake_python_copy_turtlebot3_msgs
[0.729s] [ 23%] Built target turtlebot3_msgs__rosidl_typesupport_introspection_cpp
[0.729s] [ 35%] Built target turtlebot3_msgs__rosidl_typesupport_fastrtps_cpp
[0.730s] [ 53%] Built target turtlebot3_msgs__rosidl_typesupport_fastrtps_c
[0.730s] [ 57%] Built target turtlebot3_msgs__rosidl_typesupport_cpp
[0.731s] [ 69%] Built target turtlebot3_msgs__rosidl_typesupport_c
[0.731s] [ 80%] Built target turtlebot3_msgs__rosidl_typesupport_introspection_c
[0.731s] [ 80%] Built target turtlebot3_msgs
[0.731s] [ 81%] Built target turtlebot3_msgs__py
[0.731s] [ 91%] Built target turtlebot3_msgs__rosidl_generator_py
[0.732s] [ 94%] Built target turtlebot3_msgs__rosidl_typesupport_fastrtps_c__pyext
[0.732s] [ 97%] Built target turtlebot3_msgs__rosidl_typesupport_c__pyext
[0.732s] [100%] Built target turtlebot3_msgs__rosidl_typesupport_introspection_c__pyext
[0.732s] running egg_info
[0.732s] writing turtlebot3_msgs.egg-info/PKG-INFO
[0.732s] writing dependency_links to turtlebot3_msgs.egg-info/dependency_links.txt
[0.733s] writing top-level names to turtlebot3_msgs.egg-info/top_level.txt
[0.733s] reading manifest file 'turtlebot3_msgs.egg-info/SOURCES.txt'
[0.733s] Traceback (most recent call last):
[0.733s]   File "/home/khw/simulation_ws/src/build/turtlebot3_msgs/ament_cmake_python/turtlebot3_msgs/setup.py", line 4, in <module>
[0.734s]     setup(
[0.734s]   File "/home/khw/.local/lib/python3.10/site-packages/setuptools/__init__.py", line 117, in setup
[0.734s]     return distutils.core.setup(**attrs)
[0.734s]   File "/home/khw/.local/lib/python3.10/site-packages/setuptools/_distutils/core.py", line 186, in setup
[0.734s]     return run_commands(dist)
[0.734s]   File "/home/khw/.local/lib/python3.10/site-packages/setuptools/_distutils/core.py", line 202, in run_commands
[0.734s]     dist.run_commands()
[0.734s]   File "/home/khw/.local/lib/python3.10/site-packages/setuptools/_distutils/dist.py", line 1002, in run_commands
[0.734s]     self.run_command(cmd)
[0.734s]   File "/home/khw/.local/lib/python3.10/site-packages/setuptools/dist.py", line 1104, in run_command
[0.734s]     super().run_command(command)
[0.734s]   File "/home/khw/.local/lib/python3.10/site-packages/setuptools/_distutils/dist.py", line 1021, in run_command
[0.735s]     cmd_obj.run()
[0.735s]   File "/home/khw/.local/lib/python3.10/site-packages/setuptools/command/egg_info.py", line 312, in run
[0.735s]     self.find_sources()
[0.735s]   File "/home/khw/.local/lib/python3.10/site-packages/setuptools/command/egg_info.py", line 320, in find_sources
[0.735s]     mm.run()
[0.735s]   File "/home/khw/.local/lib/python3.10/site-packages/setuptools/command/egg_info.py", line 548, in run
[0.736s]     self.prune_file_list()
[0.736s]   File "/home/khw/.local/lib/python3.10/site-packages/setuptools/command/sdist.py", line 162, in prune_file_list
[0.736s]     super().prune_file_list()
[0.736s]   File "/home/khw/.local/lib/python3.10/site-packages/setuptools/_distutils/command/sdist.py", line 386, in prune_file_list
[0.736s]     base_dir = self.distribution.get_fullname()
[0.736s]   File "/home/khw/.local/lib/python3.10/site-packages/setuptools/_core_metadata.py", line 275, in get_fullname
[0.736s]     return _distribution_fullname(self.get_name(), self.get_version())
[0.736s]   File "/home/khw/.local/lib/python3.10/site-packages/setuptools/_core_metadata.py", line 293, in _distribution_fullname
[0.736s]     canonicalize_version(version, strip_trailing_zero=False),
[0.736s] TypeError: canonicalize_version() got an unexpected keyword argument 'strip_trailing_zero'
[0.736s] gmake[2]: *** [CMakeFiles/ament_cmake_python_build_turtlebot3_msgs_egg.dir/build.make:70: CMakeFiles/ament_cmake_python_build_turtlebot3_msgs_egg] Error 1
[0.737s] gmake[1]: *** [CMakeFiles/Makefile2:447: CMakeFiles/ament_cmake_python_build_turtlebot3_msgs_egg.dir/all] Error 2
[0.737s] gmake: *** [Makefile:146: all] Error 2
[0.779s] Invoked command in '/home/khw/simulation_ws/src/build/turtlebot3_msgs' returned '2': CMAKE_PREFIX_PATH=${CMAKE_PREFIX_PATH}:/opt/ros/humble:/home/khw/simulation_ws/install/turtlebot3_teleop:/home/khw/simulation_ws/install/turtlebot3_example:/home/khw/simulation_ws/install/odom_tools /usr/bin/cmake --build /home/khw/simulation_ws/src/build/turtlebot3_msgs -- -j12 -l12
